<?xml version="1.0" encoding="UTF-8"?>
<testng-results skipped="0" failed="0" total="2" passed="2">
  <reporter-output>
  </reporter-output>
  <suite name="Default suite" duration-ms="54313" started-at="2019-04-01T21:14:15Z" finished-at="2019-04-01T21:15:09Z">
    <groups>
    </groups>
    <test name="Default test" duration-ms="54313" started-at="2019-04-01T21:14:15Z" finished-at="2019-04-01T21:15:09Z">
      <class name="AutomatedTestCases.Facebook">
        <test-method status="PASS" signature="setBrowser()[pri:0, instance:AutomatedTestCases.Facebook@6cc4c815]" name="setBrowser" is-config="true" duration-ms="20386" started-at="2019-04-01T18:14:15Z" finished-at="2019-04-01T18:14:36Z">
          <reporter-output>
          </reporter-output>
        </test-method> <!-- setBrowser -->
        <test-method status="PASS" signature="loginFailed()[pri:0, instance:AutomatedTestCases.Facebook@6cc4c815]" name="loginFailed" duration-ms="4256" started-at="2019-04-01T18:14:36Z" finished-at="2019-04-01T18:14:40Z">
          <reporter-output>
          </reporter-output>
        </test-method> <!-- loginFailed -->
        <test-method status="PASS" signature="closeBrowser()[pri:0, instance:AutomatedTestCases.Facebook@6cc4c815]" name="closeBrowser" is-config="true" duration-ms="2564" started-at="2019-04-01T18:14:40Z" finished-at="2019-04-01T18:14:42Z">
          <reporter-output>
          </reporter-output>
        </test-method> <!-- closeBrowser -->
        <test-method status="PASS" signature="setBrowser()[pri:0, instance:AutomatedTestCases.Facebook@6cc4c815]" name="setBrowser" is-config="true" duration-ms="11563" started-at="2019-04-01T18:14:42Z" finished-at="2019-04-01T18:14:54Z">
          <reporter-output>
          </reporter-output>
        </test-method> <!-- setBrowser -->
        <test-method status="PASS" signature="loginSuccess()[pri:0, instance:AutomatedTestCases.Facebook@6cc4c815]" name="loginSuccess" duration-ms="13735" started-at="2019-04-01T18:14:54Z" finished-at="2019-04-01T18:15:08Z">
          <reporter-output>
          </reporter-output>
        </test-method> <!-- loginSuccess -->
        <test-method status="PASS" signature="closeBrowser()[pri:0, instance:AutomatedTestCases.Facebook@6cc4c815]" name="closeBrowser" is-config="true" duration-ms="1773" started-at="2019-04-01T18:15:08Z" finished-at="2019-04-01T18:15:09Z">
          <reporter-output>
          </reporter-output>
        </test-method> <!-- closeBrowser -->
      </class> <!-- AutomatedTestCases.Facebook -->
    </test> <!-- Default test -->
  </suite> <!-- Default suite -->
</testng-results>
